<?xml version="1.0" encoding="UTF-8"?>
<testng-results skipped="0" failed="0" ignored="0" total="1" passed="1">
  <reporter-output>
  </reporter-output>
  <suite name="Suite" duration-ms="3709" started-at="2017-05-03T16:27:04Z" finished-at="2017-05-03T16:27:08Z">
    <groups>
    </groups>
    <test name="Test" duration-ms="3709" started-at="2017-05-03T16:27:04Z" finished-at="2017-05-03T16:27:08Z">
      <class name="maventest.Maveng">
        <test-method status="PASS" signature="BT()[pri:0, instance:maventest.Maveng@20bd8be5]" name="BT" is-config="true" duration-ms="11" started-at="2017-05-03T17:27:04Z" finished-at="2017-05-03T17:27:04Z">
          <reporter-output>
          </reporter-output>
        </test-method> <!-- BT -->
        <test-method status="PASS" signature="TestingGIT()[pri:0, instance:maventest.Maveng@20bd8be5]" name="TestingGIT" duration-ms="3331" started-at="2017-05-03T17:27:04Z" finished-at="2017-05-03T17:27:07Z">
          <reporter-output>
          </reporter-output>
        </test-method> <!-- TestingGIT -->
        <test-method status="PASS" signature="AT()[pri:0, instance:maventest.Maveng@20bd8be5]" name="AT" is-config="true" duration-ms="197" started-at="2017-05-03T17:27:07Z" finished-at="2017-05-03T17:27:08Z">
          <reporter-output>
          </reporter-output>
        </test-method> <!-- AT -->
      </class> <!-- maventest.Maveng -->
    </test> <!-- Test -->
  </suite> <!-- Suite -->
</testng-results>
