<?xml version="1.0" encoding="UTF-8"?>
<testng-results skipped="0" failed="0" total="1" passed="1">
  <reporter-output>
  </reporter-output>
  <suite name="Suite" duration-ms="1997" started-at="2017-05-03T18:16:32Z" finished-at="2017-05-03T18:16:34Z">
    <groups>
    </groups>
    <test name="Test" duration-ms="1997" started-at="2017-05-03T18:16:32Z" finished-at="2017-05-03T18:16:34Z">
      <class name="maventest.Maveng">
        <test-method status="PASS" signature="BT()[pri:0, instance:maventest.Maveng@55de24cc]" name="BT" is-config="true" duration-ms="9" started-at="2017-05-03T19:16:32Z" finished-at="2017-05-03T19:16:32Z">
          <reporter-output>
          </reporter-output>
        </test-method> <!-- BT -->
        <test-method status="PASS" signature="TestingGIT()[pri:0, instance:maventest.Maveng@55de24cc]" name="TestingGIT" duration-ms="1834" started-at="2017-05-03T19:16:32Z" finished-at="2017-05-03T19:16:34Z">
          <reporter-output>
          </reporter-output>
        </test-method> <!-- TestingGIT -->
        <test-method status="PASS" signature="AT()[pri:0, instance:maventest.Maveng@55de24cc]" name="AT" is-config="true" duration-ms="145" started-at="2017-05-03T19:16:34Z" finished-at="2017-05-03T19:16:34Z">
          <reporter-output>
          </reporter-output>
        </test-method> <!-- AT -->
      </class> <!-- maventest.Maveng -->
    </test> <!-- Test -->
  </suite> <!-- Suite -->
</testng-results>
