<?xml version="1.0" encoding="UTF-8"?>
<testsuite xmlns:xsi="http://www.w3.org/2001/XMLSchema-instance" xsi:schemaLocation="https://maven.apache.org/surefire/maven-surefire-plugin/xsd/surefire-test-report.xsd" name="TestSuite" time="32.208" tests="10" errors="0" skipped="0" failures="0">
  <properties>
[...]
</properties>
  <testcase name="TestingGIT" classname="maventest.Maveng" time="2.123"/>
  <testcase name="TestingGIT" classname="maventest.Maveng2" time="1.181"/>
  <testcase name="TestingGIT1" classname="maventest.Maveng2" time="0.733"/>
  <testcase name="test" classname="maventest.Maveng2" time="0.001"/>
  <testcase name="TestingGIT" classname="maventest.Maveng3" time="1.431"/>
  <testcase name="TestingGIT1" classname="maventest.Maveng3" time="0.623"/>
  <testcase name="init" classname="maventest.Maveng3" time="0"/>
  <testcase name="init1" classname="maventest.Maveng3" time="0"/>
  <testcase name="init11" classname="maventest.Maveng3" time="0"/>
  <testcase name="test" classname="maventest.Maveng3" time="0.001"/>
</testsuite>