<?xml version="1.0" encoding="UTF-8"?>
<!-- Generated by org.testng.reporters.JUnitXMLReporter -->
<testsuite hostname="anish" name="Test" tests="8" failures="0" timestamp="3 May 2017 20:08:57 GMT" time="6.85" errors="0">
  <testcase name="TestingGIT" time="1.826" classname="maventest.Maveng"/>
  <testcase name="TestingGIT" time="1.452" classname="maventest.Maveng2"/>
  <testcase name="TestingGIT1" time="0.671" classname="maventest.Maveng2"/>
  <testcase name="test" time="0.0" classname="maventest.Maveng2"/>
  <testcase name="TestingGIT" time="2.068" classname="maventest.Maveng3"/>
  <testcase name="TestingGIT1" time="0.647" classname="maventest.Maveng3"/>
  <testcase name="init" time="0.0" classname="maventest.Maveng3"/>
  <testcase name="test" time="0.0" classname="maventest.Maveng3"/>
</testsuite> <!-- Test -->
