<?xml version="1.0" encoding="UTF-8"?>
<!-- Generated by org.testng.reporters.JUnitXMLReporter -->
<testsuite hostname="anish" name="Test" tests="10" failures="0" timestamp="4 May 2017 04:59:59 GMT" time="6.163" errors="0">
  <testcase name="TestingGIT" time="2.12" classname="maventest.Maveng"/>
  <testcase name="TestingGIT" time="1.179" classname="maventest.Maveng2"/>
  <testcase name="TestingGIT1" time="0.73" classname="maventest.Maveng2"/>
  <testcase name="test" time="0.0" classname="maventest.Maveng2"/>
  <testcase name="TestingGIT" time="1.431" classname="maventest.Maveng3"/>
  <testcase name="TestingGIT1" time="0.618" classname="maventest.Maveng3"/>
  <testcase name="init" time="0.0" classname="maventest.Maveng3"/>
  <testcase name="init1" time="0.0" classname="maventest.Maveng3"/>
  <testcase name="init11" time="0.0" classname="maventest.Maveng3"/>
  <testcase name="test" time="0.0" classname="maventest.Maveng3"/>
</testsuite> <!-- Test -->
